<?xml version="1.0" encoding="UTF-8"?>
<!-- Generated by org.testng.reporters.JUnitXMLReporter -->
<testsuite ignored="6" hostname="aman" failures="0" tests="2" name="Default test" time="2.463" errors="0" timestamp="2024-02-10T20:42:40 IST">
  <testcase classname="JiraTest" name="GetSessionTokenS" time="2.176"/>
  <testcase classname="JiraTest" name="GetIssueS" time="0.237"/>
  <testcase classname="JiraTest" name="AddAttachments" time="0.0">
    <ignored/>
  </testcase> <!-- AddAttachments -->
  <testcase classname="JiraTest" name="CreateIssue" time="0.0">
    <ignored/>
  </testcase> <!-- CreateIssue -->
  <testcase classname="JiraTest" name="GetSessionToken" time="0.0">
    <ignored/>
  </testcase> <!-- GetSessionToken -->
  <testcase classname="JiraTest" name="AddComment" time="0.0">
    <ignored/>
  </testcase> <!-- AddComment -->
  <testcase classname="JiraTest" name="CreateIssueS" time="0.0">
    <ignored/>
  </testcase> <!-- CreateIssueS -->
  <testcase classname="JiraTest" name="AddCommentS" time="0.0">
    <ignored/>
  </testcase> <!-- AddCommentS -->
</testsuite> <!-- Default test -->
